<?xml version="1.0" encoding="UTF-8"?>
<testng-results skipped="0" failed="0" total="0" passed="0">
  <reporter-output>
  </reporter-output>
  <suite name="Jframe_1 by packages" duration-ms="20" started-at="2014-11-22T15:28:53Z" finished-at="2014-11-22T15:28:53Z">
    <groups>
    </groups>
    <test name="combine" duration-ms="20" started-at="2014-11-22T15:28:53Z" finished-at="2014-11-22T15:28:53Z">
    </test> <!-- combine -->
  </suite> <!-- Jframe_1 by packages -->
</testng-results>
